<?xml version="1.0" encoding="UTF-8"?>
<!-- Generated by org.testng.reporters.JUnitReportReporter -->
<testsuite skipped="0" hostname="bittechs-imac-4.lan" name="com.bit.test.SmokeTest" tests="1" failures="0" timestamp="2020-12-12T14:28:21 EST" time="0.007" errors="0">
  <testcase name="test1" time="0.007" classname="com.bit.test.SmokeTest"/>
  <system-out/>
</testsuite> <!-- com.bit.test.SmokeTest -->
