<?xml version="1.0" encoding="UTF-8"?>
<!-- Generated by org.testng.reporters.JUnitReportReporter -->
<testsuite skipped="0" hostname="bittechs-imac-4.lan" name="com.bit.test.RegressionTest" tests="2" failures="0" timestamp="2020-12-06T12:34:27 EST" time="0.002" errors="0">
  <testcase name="test2" time="0.002" classname="com.bit.test.RegressionTest"/>
  <system-out/>
  <testcase name="test3" time="0.000" classname="com.bit.test.RegressionTest"/>
  <system-out/>
</testsuite> <!-- com.bit.test.RegressionTest -->
